2019-03-31 16:41:25,092 root INFO runner:23 Start to execute  automation cases
2019-03-31 16:41:25,969 root INFO runner:33 End to execute APP UI automaction cases
2019-03-31 16:42:02,741 root INFO runner:23 Start to execute  automation cases
2019-03-31 16:42:03,752 root INFO baseapi:11 init base api interface
2019-03-31 16:42:04,004 root INFO runner:33 End to execute APP UI automaction cases
2019-03-31 16:43:39,779 root INFO runner:23 Start to execute  automation cases
2019-03-31 16:43:40,680 root INFO baseapi:11 init base api interface
2019-03-31 16:43:40,681 root INFO departmanage:13 Init department manage API
2019-03-31 16:43:40,834 root INFO runner:33 End to execute APP UI automaction cases
2019-03-31 16:44:03,267 root INFO runner:23 Start to execute  automation cases
2019-03-31 16:44:04,159 root INFO baseapi:11 init base api interface
2019-03-31 16:44:04,159 root INFO departmanage:13 Init department manage API
2019-03-31 16:44:04,169 urllib3.connectionpool DEBUG connectionpool:813 Starting new HTTPS connection (1): qyapi.weixin.qq.com:443
2019-03-31 16:44:04,323 urllib3.connectionpool DEBUG connectionpool:393 https://qyapi.weixin.qq.com:443 "GET /cgi-bin/gettoken?corpid=wwd6da61649bd66fea&corpsecret=C7uGOrNyxWWzwBsUyWEbLdbZBDrc71PNOhyQ_YYPhts HTTP/1.1" 200 277
2019-03-31 16:44:04,328 urllib3.connectionpool DEBUG connectionpool:813 Starting new HTTPS connection (1): qyapi.weixin.qq.com:443
2019-03-31 16:44:04,547 urllib3.connectionpool DEBUG connectionpool:393 https://qyapi.weixin.qq.com:443 "POST /cgi-bin/department/create?access_token=swnMEx5ldgYrkk1fWw9U1IuBP2vpDPpqgvqnWCTRPIlznpeoWutJWudOFyTW-mnddApHL7Sb907ZOtj2qNalusH0Q1Pqsoqg_mrACwzJnJJosAOie8kVvRTouqhQBsDvztdsxv9xzdzjF6_hIcSFzKcYLy6V96VA2XqsDanJDY6GESuGzp9xcrh_HAeuZz38GfPvEgtdIHL71HcPt9ZcRQ HTTP/1.1" 200 40
2019-03-31 16:44:04,555 root INFO runner:33 End to execute APP UI automaction cases
2019-03-31 16:45:21,937 root INFO runner:23 Start to execute  automation cases
2019-03-31 16:45:22,821 root INFO baseapi:11 init base api interface
2019-03-31 16:45:22,822 root INFO departmanage:13 Init department manage API
2019-03-31 16:45:22,831 urllib3.connectionpool DEBUG connectionpool:813 Starting new HTTPS connection (1): qyapi.weixin.qq.com:443
2019-03-31 16:45:23,958 urllib3.connectionpool DEBUG connectionpool:393 https://qyapi.weixin.qq.com:443 "GET /cgi-bin/gettoken?corpid=wwd6da61649bd66fea&corpsecret=C7uGOrNyxWWzwBsUyWEbLdbZBDrc71PNOhyQ_YYPhts HTTP/1.1" 200 277
2019-03-31 16:45:23,965 urllib3.connectionpool DEBUG connectionpool:813 Starting new HTTPS connection (1): qyapi.weixin.qq.com:443
2019-03-31 16:45:24,127 urllib3.connectionpool DEBUG connectionpool:393 https://qyapi.weixin.qq.com:443 "POST /cgi-bin/department/create?access_token=swnMEx5ldgYrkk1fWw9U1IuBP2vpDPpqgvqnWCTRPIlznpeoWutJWudOFyTW-mnddApHL7Sb907ZOtj2qNalusH0Q1Pqsoqg_mrACwzJnJJosAOie8kVvRTouqhQBsDvztdsxv9xzdzjF6_hIcSFzKcYLy6V96VA2XqsDanJDY6GESuGzp9xcrh_HAeuZz38GfPvEgtdIHL71HcPt9ZcRQ HTTP/1.1" 200 170
2019-03-31 16:45:24,258 root INFO runner:33 End to execute APP UI automaction cases
2019-03-31 16:46:15,776 root INFO runner:23 Start to execute  automation cases
2019-03-31 16:46:16,646 root INFO baseapi:11 init base api interface
2019-03-31 16:46:16,646 root INFO departmanage:13 Init department manage API
2019-03-31 16:46:16,655 urllib3.connectionpool DEBUG connectionpool:813 Starting new HTTPS connection (1): qyapi.weixin.qq.com:443
2019-03-31 16:46:17,757 urllib3.connectionpool DEBUG connectionpool:393 https://qyapi.weixin.qq.com:443 "GET /cgi-bin/gettoken?corpid=wwd6da61649bd66fea&corpsecret=C7uGOrNyxWWzwBsUyWEbLdbZBDrc71PNOhyQ_YYPhts HTTP/1.1" 200 277
2019-03-31 16:46:17,764 urllib3.connectionpool DEBUG connectionpool:813 Starting new HTTPS connection (1): qyapi.weixin.qq.com:443
2019-03-31 16:46:17,913 urllib3.connectionpool DEBUG connectionpool:393 https://qyapi.weixin.qq.com:443 "POST /cgi-bin/department/create?access_token=swnMEx5ldgYrkk1fWw9U1IuBP2vpDPpqgvqnWCTRPIlznpeoWutJWudOFyTW-mnddApHL7Sb907ZOtj2qNalusH0Q1Pqsoqg_mrACwzJnJJosAOie8kVvRTouqhQBsDvztdsxv9xzdzjF6_hIcSFzKcYLy6V96VA2XqsDanJDY6GESuGzp9xcrh_HAeuZz38GfPvEgtdIHL71HcPt9ZcRQ HTTP/1.1" 200 170
2019-03-31 16:46:18,052 root INFO runner:33 End to execute APP UI automaction cases
2019-03-31 16:48:54,318 root INFO runner:23 Start to execute  automation cases
2019-03-31 16:48:55,250 root INFO baseapi:11 init base api interface
2019-03-31 16:48:55,250 root INFO departmanage:13 Init department manage API
2019-03-31 16:48:55,259 urllib3.connectionpool DEBUG connectionpool:813 Starting new HTTPS connection (1): qyapi.weixin.qq.com:443
2019-03-31 16:48:55,422 urllib3.connectionpool DEBUG connectionpool:393 https://qyapi.weixin.qq.com:443 "GET /cgi-bin/gettoken?corpid=ww49ea00e734c1c893&corpsecret=F_q6kjqtyrAIlJoHGOyEJ8xmY6Ig6ZaMCr_7yeOJ-SA HTTP/1.1" 200 277
2019-03-31 16:48:55,429 urllib3.connectionpool DEBUG connectionpool:813 Starting new HTTPS connection (1): qyapi.weixin.qq.com:443
2019-03-31 16:48:55,600 urllib3.connectionpool DEBUG connectionpool:393 https://qyapi.weixin.qq.com:443 "POST /cgi-bin/department/create?access_token=i8_LMerdAxC5DaVmtCzhDU3AgrNesUSkW7bZMwwdskBvlIjl-5Fi4fZI2QdwiqsjDO7P7dz01ApYujRvK-56yIlHNrr39IG9O63zFwICXnfkQ9KSqLBaikms4juNhA-AcKWk6Ye31xfJUO1HCFscRBAXiVdIp6rURmQihnYuHYB03UJxHtouAGXN9SpXlpboa9gtZus0IdkLrBnyOvWCbQ HTTP/1.1" 200 39
2019-03-31 16:48:55,608 root INFO runner:33 End to execute APP UI automaction cases
2019-03-31 16:58:15,179 root INFO runner:23 Start to execute  automation cases
2019-03-31 16:58:16,055 root INFO baseapi:11 init base api interface
2019-03-31 16:58:16,056 root INFO departmanage:13 Init department manage API
2019-03-31 16:58:16,066 urllib3.connectionpool DEBUG connectionpool:813 Starting new HTTPS connection (1): qyapi.weixin.qq.com:443
2019-03-31 16:58:16,302 urllib3.connectionpool DEBUG connectionpool:393 https://qyapi.weixin.qq.com:443 "GET /cgi-bin/gettoken?corpid=ww49ea00e734c1c893&corpsecret=F_q6kjqtyrAIlJoHGOyEJ8xmY6Ig6ZaMCr_7yeOJ-SA HTTP/1.1" 200 277
2019-03-31 16:58:16,430 root INFO runner:33 End to execute APP UI automaction cases
2019-03-31 16:59:42,212 root INFO runner:23 Start to execute  automation cases
2019-03-31 16:59:43,105 root INFO baseapi:11 init base api interface
2019-03-31 16:59:43,105 root INFO departmanage:13 Init department manage API
2019-03-31 16:59:43,114 urllib3.connectionpool DEBUG connectionpool:813 Starting new HTTPS connection (1): qyapi.weixin.qq.com:443
2019-03-31 16:59:43,259 urllib3.connectionpool DEBUG connectionpool:393 https://qyapi.weixin.qq.com:443 "GET /cgi-bin/gettoken?corpid=ww49ea00e734c1c893&corpsecret=F_q6kjqtyrAIlJoHGOyEJ8xmY6Ig6ZaMCr_7yeOJ-SA HTTP/1.1" 200 277
2019-03-31 16:59:43,395 root INFO runner:33 End to execute APP UI automaction cases
2019-03-31 17:00:30,062 root INFO runner:23 Start to execute  automation cases
2019-03-31 17:00:30,943 root INFO baseapi:11 init base api interface
2019-03-31 17:00:30,943 root INFO departmanage:13 Init department manage API
2019-03-31 17:00:30,952 urllib3.connectionpool DEBUG connectionpool:813 Starting new HTTPS connection (1): qyapi.weixin.qq.com:443
2019-03-31 17:00:31,106 urllib3.connectionpool DEBUG connectionpool:393 https://qyapi.weixin.qq.com:443 "GET /cgi-bin/gettoken?corpid=ww49ea00e734c1c893&corpsecret=F_q6kjqtyrAIlJoHGOyEJ8xmY6Ig6ZaMCr_7yeOJ-SA HTTP/1.1" 200 277
2019-03-31 17:00:31,114 urllib3.connectionpool DEBUG connectionpool:813 Starting new HTTPS connection (1): qyapi.weixin.qq.com:443
2019-03-31 17:00:31,247 urllib3.connectionpool DEBUG connectionpool:393 https://qyapi.weixin.qq.com:443 "POST /cgi-bin/department/create?access_token=i8_LMerdAxC5DaVmtCzhDU3AgrNesUSkW7bZMwwdskBvlIjl-5Fi4fZI2QdwiqsjDO7P7dz01ApYujRvK-56yIlHNrr39IG9O63zFwICXnfkQ9KSqLBaikms4juNhA-AcKWk6Ye31xfJUO1HCFscRBAXiVdIp6rURmQihnYuHYB03UJxHtouAGXN9SpXlpboa9gtZus0IdkLrBnyOvWCbQ HTTP/1.1" 200 170
2019-03-31 17:00:31,378 root INFO runner:33 End to execute APP UI automaction cases
2019-03-31 17:02:36,443 root INFO runner:23 Start to execute  automation cases
2019-03-31 17:02:37,306 root INFO baseapi:11 init base api interface
2019-03-31 17:02:37,307 root INFO departmanage:13 Init department manage API
2019-03-31 17:02:37,315 urllib3.connectionpool DEBUG connectionpool:813 Starting new HTTPS connection (1): qyapi.weixin.qq.com:443
2019-03-31 17:02:37,460 urllib3.connectionpool DEBUG connectionpool:393 https://qyapi.weixin.qq.com:443 "GET /cgi-bin/gettoken?corpid=ww49ea00e734c1c893&corpsecret=F_q6kjqtyrAIlJoHGOyEJ8xmY6Ig6ZaMCr_7yeOJ-SA HTTP/1.1" 200 277
2019-03-31 17:02:37,597 root INFO runner:33 End to execute APP UI automaction cases
2019-03-31 17:07:56,211 root INFO runner:23 Start to execute  automation cases
2019-03-31 17:07:57,076 root INFO baseapi:11 init base api interface
2019-03-31 17:07:57,076 root INFO departmanage:13 Init department manage API
2019-03-31 17:07:57,088 urllib3.connectionpool DEBUG connectionpool:813 Starting new HTTPS connection (1): qyapi.weixin.qq.com:443
2019-03-31 17:07:57,247 urllib3.connectionpool DEBUG connectionpool:393 https://qyapi.weixin.qq.com:443 "GET /cgi-bin/gettoken?corpid=ww49ea00e734c1c893&corpsecret=F_q6kjqtyrAIlJoHGOyEJ8xmY6Ig6ZaMCr_7yeOJ-SA HTTP/1.1" 200 277
2019-03-31 17:07:57,254 urllib3.connectionpool DEBUG connectionpool:813 Starting new HTTPS connection (1): qyapi.weixin.qq.com:443
2019-03-31 17:07:58,500 urllib3.connectionpool DEBUG connectionpool:393 https://qyapi.weixin.qq.com:443 "POST /cgi-bin/department/update?access_token=i8_LMerdAxC5DaVmtCzhDU3AgrNesUSkW7bZMwwdskBvlIjl-5Fi4fZI2QdwiqsjDO7P7dz01ApYujRvK-56yIlHNrr39IG9O63zFwICXnfkQ9KSqLBaikms4juNhA-AcKWk6Ye31xfJUO1HCFscRBAXiVdIp6rURmQihnYuHYB03UJxHtouAGXN9SpXlpboa9gtZus0IdkLrBnyOvWCbQ HTTP/1.1" 200 32
2019-03-31 17:07:58,508 root INFO runner:33 End to execute APP UI automaction cases
2019-03-31 17:10:19,772 root INFO runner:23 Start to execute  automation cases
2019-03-31 17:10:20,672 root INFO baseapi:11 init base api interface
2019-03-31 17:10:20,673 root INFO departmanage:13 Init department manage API
2019-03-31 17:10:20,919 root INFO runner:33 End to execute APP UI automaction cases
2019-03-31 17:11:57,844 root INFO runner:23 Start to execute  automation cases
2019-03-31 17:11:58,726 root INFO baseapi:11 init base api interface
2019-03-31 17:11:58,726 root INFO departmanage:13 Init department manage API
2019-03-31 17:11:58,737 urllib3.connectionpool DEBUG connectionpool:813 Starting new HTTPS connection (1): qyapi.weixin.qq.com:443
2019-03-31 17:11:58,908 urllib3.connectionpool DEBUG connectionpool:393 https://qyapi.weixin.qq.com:443 "GET /cgi-bin/gettoken?corpid=ww49ea00e734c1c893&corpsecret=F_q6kjqtyrAIlJoHGOyEJ8xmY6Ig6ZaMCr_7yeOJ-SA HTTP/1.1" 200 277
2019-03-31 17:11:58,915 urllib3.connectionpool DEBUG connectionpool:813 Starting new HTTPS connection (1): qyapi.weixin.qq.com:443
2019-03-31 17:12:00,097 urllib3.connectionpool DEBUG connectionpool:393 https://qyapi.weixin.qq.com:443 "POST /cgi-bin/department/update?access_token=i8_LMerdAxC5DaVmtCzhDU3AgrNesUSkW7bZMwwdskBvlIjl-5Fi4fZI2QdwiqsjDO7P7dz01ApYujRvK-56yIlHNrr39IG9O63zFwICXnfkQ9KSqLBaikms4juNhA-AcKWk6Ye31xfJUO1HCFscRBAXiVdIp6rURmQihnYuHYB03UJxHtouAGXN9SpXlpboa9gtZus0IdkLrBnyOvWCbQ HTTP/1.1" 200 32
2019-03-31 17:12:00,105 root INFO runner:33 End to execute APP UI automaction cases
